<testsuites id="" name="" tests="17" failures="17" skipped="0" errors="0" time="23.830651">
<testsuite name="cet-flow.spec.ts" timestamp="2025-10-29T02:41:48.910Z" hostname="chromium" tests="3" failures="3" skipped="0" time="34.735" errors="0">
<testcase name="CET Flow - Custo Efetivo Total › 1. Deve calcular CET básico" classname="cet-flow.spec.ts" time="11.545">
<failure message="cet-flow.spec.ts:11:3 1. Deve calcular CET básico" type="FAILURE">
<![CDATA[  [chromium] › cet-flow.spec.ts:11:3 › CET Flow - Custo Efetivo Total › 1. Deve calcular CET básico 

    TimeoutError: page.click: Timeout 10000ms exceeded.
    Call log:
      - waiting for locator('[data-testid="cet-calculator-link"]')


       5 |   test.beforeEach(async ({ page }) => {
       6 |     await page.goto("/");
    >  7 |     await page.click('[data-testid="cet-calculator-link"]');
         |                ^
       8 |     await expect(page).toHaveTitle(/CET/);
       9 |   });
      10 |
        at /home/moses/workspace/fin-math/tests/e2e/cet-flow.spec.ts:7:16

    attachment #1: screenshot (image/png) ──────────────────────────────────────────────────────────
    ../../test-results/cet-flow-CET-Flow---Custo--4ecab--1-Deve-calcular-CET-básico-chromium/test-failed-1.png
    ────────────────────────────────────────────────────────────────────────────────────────────────

    attachment #2: video (video/webm) ──────────────────────────────────────────────────────────────
    ../../test-results/cet-flow-CET-Flow---Custo--4ecab--1-Deve-calcular-CET-básico-chromium/video.webm
    ────────────────────────────────────────────────────────────────────────────────────────────────

    Error Context: ../../test-results/cet-flow-CET-Flow---Custo--4ecab--1-Deve-calcular-CET-básico-chromium/error-context.md
]]>
</failure>
<system-out>
<![CDATA[
[[ATTACHMENT|cet-flow-CET-Flow---Custo--4ecab--1-Deve-calcular-CET-básico-chromium/test-failed-1.png]]

[[ATTACHMENT|cet-flow-CET-Flow---Custo--4ecab--1-Deve-calcular-CET-básico-chromium/video.webm]]

[[ATTACHMENT|cet-flow-CET-Flow---Custo--4ecab--1-Deve-calcular-CET-básico-chromium/error-context.md]]
]]>
</system-out>
</testcase>
<testcase name="CET Flow - Custo Efetivo Total › 2. Deve adicionar tarifas" classname="cet-flow.spec.ts" time="11.603">
<failure message="cet-flow.spec.ts:32:3 2. Deve adicionar tarifas" type="FAILURE">
<![CDATA[  [chromium] › cet-flow.spec.ts:32:3 › CET Flow - Custo Efetivo Total › 2. Deve adicionar tarifas ──

    TimeoutError: page.click: Timeout 10000ms exceeded.
    Call log:
      - waiting for locator('[data-testid="cet-calculator-link"]')


       5 |   test.beforeEach(async ({ page }) => {
       6 |     await page.goto("/");
    >  7 |     await page.click('[data-testid="cet-calculator-link"]');
         |                ^
       8 |     await expect(page).toHaveTitle(/CET/);
       9 |   });
      10 |
        at /home/moses/workspace/fin-math/tests/e2e/cet-flow.spec.ts:7:16

    attachment #1: screenshot (image/png) ──────────────────────────────────────────────────────────
    ../../test-results/cet-flow-CET-Flow---Custo--92081-al-2-Deve-adicionar-tarifas-chromium/test-failed-1.png
    ────────────────────────────────────────────────────────────────────────────────────────────────

    attachment #2: video (video/webm) ──────────────────────────────────────────────────────────────
    ../../test-results/cet-flow-CET-Flow---Custo--92081-al-2-Deve-adicionar-tarifas-chromium/video.webm
    ────────────────────────────────────────────────────────────────────────────────────────────────

    Error Context: ../../test-results/cet-flow-CET-Flow---Custo--92081-al-2-Deve-adicionar-tarifas-chromium/error-context.md
]]>
</failure>
<system-out>
<![CDATA[
[[ATTACHMENT|cet-flow-CET-Flow---Custo--92081-al-2-Deve-adicionar-tarifas-chromium/test-failed-1.png]]

[[ATTACHMENT|cet-flow-CET-Flow---Custo--92081-al-2-Deve-adicionar-tarifas-chromium/video.webm]]

[[ATTACHMENT|cet-flow-CET-Flow---Custo--92081-al-2-Deve-adicionar-tarifas-chromium/error-context.md]]
]]>
</system-out>
</testcase>
<testcase name="CET Flow - Custo Efetivo Total › 3. Deve usar perfis de instituições" classname="cet-flow.spec.ts" time="11.587">
<failure message="cet-flow.spec.ts:54:3 3. Deve usar perfis de instituições" type="FAILURE">
<![CDATA[  [chromium] › cet-flow.spec.ts:54:3 › CET Flow - Custo Efetivo Total › 3. Deve usar perfis de instituições 

    TimeoutError: page.click: Timeout 10000ms exceeded.
    Call log:
      - waiting for locator('[data-testid="cet-calculator-link"]')


       5 |   test.beforeEach(async ({ page }) => {
       6 |     await page.goto("/");
    >  7 |     await page.click('[data-testid="cet-calculator-link"]');
         |                ^
       8 |     await expect(page).toHaveTitle(/CET/);
       9 |   });
      10 |
        at /home/moses/workspace/fin-math/tests/e2e/cet-flow.spec.ts:7:16

    attachment #1: screenshot (image/png) ──────────────────────────────────────────────────────────
    ../../test-results/cet-flow-CET-Flow---Custo--19ea9-usar-perfis-de-instituições-chromium/test-failed-1.png
    ────────────────────────────────────────────────────────────────────────────────────────────────

    attachment #2: video (video/webm) ──────────────────────────────────────────────────────────────
    ../../test-results/cet-flow-CET-Flow---Custo--19ea9-usar-perfis-de-instituições-chromium/video.webm
    ────────────────────────────────────────────────────────────────────────────────────────────────

    Error Context: ../../test-results/cet-flow-CET-Flow---Custo--19ea9-usar-perfis-de-instituições-chromium/error-context.md
]]>
</failure>
<system-out>
<![CDATA[
[[ATTACHMENT|cet-flow-CET-Flow---Custo--19ea9-usar-perfis-de-instituições-chromium/test-failed-1.png]]

[[ATTACHMENT|cet-flow-CET-Flow---Custo--19ea9-usar-perfis-de-instituições-chromium/video.webm]]

[[ATTACHMENT|cet-flow-CET-Flow---Custo--19ea9-usar-perfis-de-instituições-chromium/error-context.md]]
]]>
</system-out>
</testcase>
</testsuite>
<testsuite name="export-flow.spec.ts" timestamp="2025-10-29T02:41:48.910Z" hostname="chromium" tests="2" failures="2" skipped="0" time="23.151" errors="0">
<testcase name="Export Flow - Exportações › 1. Deve exportar CSV" classname="export-flow.spec.ts" time="11.532">
<failure message="export-flow.spec.ts:14:3 1. Deve exportar CSV" type="FAILURE">
<![CDATA[  [chromium] › export-flow.spec.ts:14:3 › Export Flow - Exportações › 1. Deve exportar CSV ─────────

    TimeoutError: page.click: Timeout 10000ms exceeded.
    Call log:
      - waiting for locator('[data-testid="price-calculator-link"]')


       6 |   test.beforeEach(async ({ page }) => {
       7 |     await page.goto("/");
    >  8 |     await page.click('[data-testid="price-calculator-link"]');
         |                ^
       9 |     await fillPriceForm(page, priceData.basic);
      10 |     await page.click('[data-testid="calculate-btn"]');
      11 |     await page.waitForSelector('[data-testid="results-section"]');
        at /home/moses/workspace/fin-math/tests/e2e/export-flow.spec.ts:8:16

    attachment #1: screenshot (image/png) ──────────────────────────────────────────────────────────
    ../../test-results/export-flow-Export-Flow---Exportações-1-Deve-exportar-CSV-chromium/test-failed-1.png
    ────────────────────────────────────────────────────────────────────────────────────────────────

    attachment #2: video (video/webm) ──────────────────────────────────────────────────────────────
    ../../test-results/export-flow-Export-Flow---Exportações-1-Deve-exportar-CSV-chromium/video.webm
    ────────────────────────────────────────────────────────────────────────────────────────────────

    Error Context: ../../test-results/export-flow-Export-Flow---Exportações-1-Deve-exportar-CSV-chromium/error-context.md
]]>
</failure>
<system-out>
<![CDATA[
[[ATTACHMENT|export-flow-Export-Flow---Exportações-1-Deve-exportar-CSV-chromium/test-failed-1.png]]

[[ATTACHMENT|export-flow-Export-Flow---Exportações-1-Deve-exportar-CSV-chromium/video.webm]]

[[ATTACHMENT|export-flow-Export-Flow---Exportações-1-Deve-exportar-CSV-chromium/error-context.md]]
]]>
</system-out>
</testcase>
<testcase name="Export Flow - Exportações › 2. Deve exportar PDF" classname="export-flow.spec.ts" time="11.619">
<failure message="export-flow.spec.ts:22:3 2. Deve exportar PDF" type="FAILURE">
<![CDATA[  [chromium] › export-flow.spec.ts:22:3 › Export Flow - Exportações › 2. Deve exportar PDF ─────────

    TimeoutError: page.click: Timeout 10000ms exceeded.
    Call log:
      - waiting for locator('[data-testid="price-calculator-link"]')


       6 |   test.beforeEach(async ({ page }) => {
       7 |     await page.goto("/");
    >  8 |     await page.click('[data-testid="price-calculator-link"]');
         |                ^
       9 |     await fillPriceForm(page, priceData.basic);
      10 |     await page.click('[data-testid="calculate-btn"]');
      11 |     await page.waitForSelector('[data-testid="results-section"]');
        at /home/moses/workspace/fin-math/tests/e2e/export-flow.spec.ts:8:16

    attachment #1: screenshot (image/png) ──────────────────────────────────────────────────────────
    ../../test-results/export-flow-Export-Flow---Exportações-2-Deve-exportar-PDF-chromium/test-failed-1.png
    ────────────────────────────────────────────────────────────────────────────────────────────────

    attachment #2: video (video/webm) ──────────────────────────────────────────────────────────────
    ../../test-results/export-flow-Export-Flow---Exportações-2-Deve-exportar-PDF-chromium/video.webm
    ────────────────────────────────────────────────────────────────────────────────────────────────

    Error Context: ../../test-results/export-flow-Export-Flow---Exportações-2-Deve-exportar-PDF-chromium/error-context.md
]]>
</failure>
<system-out>
<![CDATA[
[[ATTACHMENT|export-flow-Export-Flow---Exportações-2-Deve-exportar-PDF-chromium/test-failed-1.png]]

[[ATTACHMENT|export-flow-Export-Flow---Exportações-2-Deve-exportar-PDF-chromium/video.webm]]

[[ATTACHMENT|export-flow-Export-Flow---Exportações-2-Deve-exportar-PDF-chromium/error-context.md]]
]]>
</system-out>
</testcase>
</testsuite>
<testsuite name="price-flow.spec.ts" timestamp="2025-10-29T02:41:48.910Z" hostname="chromium" tests="6" failures="6" skipped="0" time="69.58" errors="0">
<testcase name="Price Flow - Sistema de Amortização Price › 1. Deve calcular Price básico corretamente" classname="price-flow.spec.ts" time="11.573">
<failure message="price-flow.spec.ts:19:3 1. Deve calcular Price básico corretamente" type="FAILURE">
<![CDATA[  [chromium] › price-flow.spec.ts:19:3 › Price Flow - Sistema de Amortização Price › 1. Deve calcular Price básico corretamente 

    TimeoutError: page.click: Timeout 10000ms exceeded.
    Call log:
      - waiting for locator('[data-testid="price-calculator-link"]')


      13 |   test.beforeEach(async ({ page }) => {
      14 |     await page.goto("/");
    > 15 |     await page.click('[data-testid="price-calculator-link"]');
         |                ^
      16 |     await expect(page).toHaveTitle(/Price/);
      17 |   });
      18 |
        at /home/moses/workspace/fin-math/tests/e2e/price-flow.spec.ts:15:16

    attachment #1: screenshot (image/png) ──────────────────────────────────────────────────────────
    ../../test-results/price-flow-Price-Flow---Si-b7e8c-r-Price-básico-corretamente-chromium/test-failed-1.png
    ────────────────────────────────────────────────────────────────────────────────────────────────

    attachment #2: video (video/webm) ──────────────────────────────────────────────────────────────
    ../../test-results/price-flow-Price-Flow---Si-b7e8c-r-Price-básico-corretamente-chromium/video.webm
    ────────────────────────────────────────────────────────────────────────────────────────────────

    Error Context: ../../test-results/price-flow-Price-Flow---Si-b7e8c-r-Price-básico-corretamente-chromium/error-context.md
]]>
</failure>
<system-out>
<![CDATA[
[[ATTACHMENT|price-flow-Price-Flow---Si-b7e8c-r-Price-básico-corretamente-chromium/test-failed-1.png]]

[[ATTACHMENT|price-flow-Price-Flow---Si-b7e8c-r-Price-básico-corretamente-chromium/video.webm]]

[[ATTACHMENT|price-flow-Price-Flow---Si-b7e8c-r-Price-básico-corretamente-chromium/error-context.md]]
]]>
</system-out>
</testcase>
<testcase name="Price Flow - Sistema de Amortização Price › 2. Deve calcular Price de longo prazo" classname="price-flow.spec.ts" time="11.69">
<failure message="price-flow.spec.ts:43:3 2. Deve calcular Price de longo prazo" type="FAILURE">
<![CDATA[  [chromium] › price-flow.spec.ts:43:3 › Price Flow - Sistema de Amortização Price › 2. Deve calcular Price de longo prazo 

    TimeoutError: page.click: Timeout 10000ms exceeded.
    Call log:
      - waiting for locator('[data-testid="price-calculator-link"]')


      13 |   test.beforeEach(async ({ page }) => {
      14 |     await page.goto("/");
    > 15 |     await page.click('[data-testid="price-calculator-link"]');
         |                ^
      16 |     await expect(page).toHaveTitle(/Price/);
      17 |   });
      18 |
        at /home/moses/workspace/fin-math/tests/e2e/price-flow.spec.ts:15:16

    attachment #1: screenshot (image/png) ──────────────────────────────────────────────────────────
    ../../test-results/price-flow-Price-Flow---Si-7c74c-lcular-Price-de-longo-prazo-chromium/test-failed-1.png
    ────────────────────────────────────────────────────────────────────────────────────────────────

    attachment #2: video (video/webm) ──────────────────────────────────────────────────────────────
    ../../test-results/price-flow-Price-Flow---Si-7c74c-lcular-Price-de-longo-prazo-chromium/video.webm
    ────────────────────────────────────────────────────────────────────────────────────────────────

    Error Context: ../../test-results/price-flow-Price-Flow---Si-7c74c-lcular-Price-de-longo-prazo-chromium/error-context.md
]]>
</failure>
<system-out>
<![CDATA[
[[ATTACHMENT|price-flow-Price-Flow---Si-7c74c-lcular-Price-de-longo-prazo-chromium/test-failed-1.png]]

[[ATTACHMENT|price-flow-Price-Flow---Si-7c74c-lcular-Price-de-longo-prazo-chromium/video.webm]]

[[ATTACHMENT|price-flow-Price-Flow---Si-7c74c-lcular-Price-de-longo-prazo-chromium/error-context.md]]
]]>
</system-out>
</testcase>
<testcase name="Price Flow - Sistema de Amortização Price › 3. Deve validar campos obrigatórios" classname="price-flow.spec.ts" time="11.553">
<failure message="price-flow.spec.ts:53:3 3. Deve validar campos obrigatórios" type="FAILURE">
<![CDATA[  [chromium] › price-flow.spec.ts:53:3 › Price Flow - Sistema de Amortização Price › 3. Deve validar campos obrigatórios 

    TimeoutError: page.click: Timeout 10000ms exceeded.
    Call log:
      - waiting for locator('[data-testid="price-calculator-link"]')


      13 |   test.beforeEach(async ({ page }) => {
      14 |     await page.goto("/");
    > 15 |     await page.click('[data-testid="price-calculator-link"]');
         |                ^
      16 |     await expect(page).toHaveTitle(/Price/);
      17 |   });
      18 |
        at /home/moses/workspace/fin-math/tests/e2e/price-flow.spec.ts:15:16

    attachment #1: screenshot (image/png) ──────────────────────────────────────────────────────────
    ../../test-results/price-flow-Price-Flow---Si-2bb1f-validar-campos-obrigatórios-chromium/test-failed-1.png
    ────────────────────────────────────────────────────────────────────────────────────────────────

    attachment #2: video (video/webm) ──────────────────────────────────────────────────────────────
    ../../test-results/price-flow-Price-Flow---Si-2bb1f-validar-campos-obrigatórios-chromium/video.webm
    ────────────────────────────────────────────────────────────────────────────────────────────────

    Error Context: ../../test-results/price-flow-Price-Flow---Si-2bb1f-validar-campos-obrigatórios-chromium/error-context.md
]]>
</failure>
<system-out>
<![CDATA[
[[ATTACHMENT|price-flow-Price-Flow---Si-2bb1f-validar-campos-obrigatórios-chromium/test-failed-1.png]]

[[ATTACHMENT|price-flow-Price-Flow---Si-2bb1f-validar-campos-obrigatórios-chromium/video.webm]]

[[ATTACHMENT|price-flow-Price-Flow---Si-2bb1f-validar-campos-obrigatórios-chromium/error-context.md]]
]]>
</system-out>
</testcase>
<testcase name="Price Flow - Sistema de Amortização Price › 4. Deve exportar CSV com sucesso" classname="price-flow.spec.ts" time="11.532">
<failure message="price-flow.spec.ts:66:3 4. Deve exportar CSV com sucesso" type="FAILURE">
<![CDATA[  [chromium] › price-flow.spec.ts:66:3 › Price Flow - Sistema de Amortização Price › 4. Deve exportar CSV com sucesso 

    TimeoutError: page.click: Timeout 10000ms exceeded.
    Call log:
      - waiting for locator('[data-testid="price-calculator-link"]')


      13 |   test.beforeEach(async ({ page }) => {
      14 |     await page.goto("/");
    > 15 |     await page.click('[data-testid="price-calculator-link"]');
         |                ^
      16 |     await expect(page).toHaveTitle(/Price/);
      17 |   });
      18 |
        at /home/moses/workspace/fin-math/tests/e2e/price-flow.spec.ts:15:16

    attachment #1: screenshot (image/png) ──────────────────────────────────────────────────────────
    ../../test-results/price-flow-Price-Flow---Si-8a1cf-ve-exportar-CSV-com-sucesso-chromium/test-failed-1.png
    ────────────────────────────────────────────────────────────────────────────────────────────────

    attachment #2: video (video/webm) ──────────────────────────────────────────────────────────────
    ../../test-results/price-flow-Price-Flow---Si-8a1cf-ve-exportar-CSV-com-sucesso-chromium/video.webm
    ────────────────────────────────────────────────────────────────────────────────────────────────

    Error Context: ../../test-results/price-flow-Price-Flow---Si-8a1cf-ve-exportar-CSV-com-sucesso-chromium/error-context.md
]]>
</failure>
<system-out>
<![CDATA[
[[ATTACHMENT|price-flow-Price-Flow---Si-8a1cf-ve-exportar-CSV-com-sucesso-chromium/test-failed-1.png]]

[[ATTACHMENT|price-flow-Price-Flow---Si-8a1cf-ve-exportar-CSV-com-sucesso-chromium/video.webm]]

[[ATTACHMENT|price-flow-Price-Flow---Si-8a1cf-ve-exportar-CSV-com-sucesso-chromium/error-context.md]]
]]>
</system-out>
</testcase>
<testcase name="Price Flow - Sistema de Amortização Price › 5. Deve ter acessibilidade básica" classname="price-flow.spec.ts" time="11.663">
<failure message="price-flow.spec.ts:80:3 5. Deve ter acessibilidade básica" type="FAILURE">
<![CDATA[  [chromium] › price-flow.spec.ts:80:3 › Price Flow - Sistema de Amortização Price › 5. Deve ter acessibilidade básica 

    TimeoutError: page.click: Timeout 10000ms exceeded.
    Call log:
      - waiting for locator('[data-testid="price-calculator-link"]')


      13 |   test.beforeEach(async ({ page }) => {
      14 |     await page.goto("/");
    > 15 |     await page.click('[data-testid="price-calculator-link"]');
         |                ^
      16 |     await expect(page).toHaveTitle(/Price/);
      17 |   });
      18 |
        at /home/moses/workspace/fin-math/tests/e2e/price-flow.spec.ts:15:16

    attachment #1: screenshot (image/png) ──────────────────────────────────────────────────────────
    ../../test-results/price-flow-Price-Flow---Si-47082-e-ter-acessibilidade-básica-chromium/test-failed-1.png
    ────────────────────────────────────────────────────────────────────────────────────────────────

    attachment #2: video (video/webm) ──────────────────────────────────────────────────────────────
    ../../test-results/price-flow-Price-Flow---Si-47082-e-ter-acessibilidade-básica-chromium/video.webm
    ────────────────────────────────────────────────────────────────────────────────────────────────

    Error Context: ../../test-results/price-flow-Price-Flow---Si-47082-e-ter-acessibilidade-básica-chromium/error-context.md
]]>
</failure>
<system-out>
<![CDATA[
[[ATTACHMENT|price-flow-Price-Flow---Si-47082-e-ter-acessibilidade-básica-chromium/test-failed-1.png]]

[[ATTACHMENT|price-flow-Price-Flow---Si-47082-e-ter-acessibilidade-básica-chromium/video.webm]]

[[ATTACHMENT|price-flow-Price-Flow---Si-47082-e-ter-acessibilidade-básica-chromium/error-context.md]]
]]>
</system-out>
</testcase>
<testcase name="Price Flow - Sistema de Amortização Price › 6. Deve ter Explain Panel" classname="price-flow.spec.ts" time="11.569">
<failure message="price-flow.spec.ts:95:3 6. Deve ter Explain Panel" type="FAILURE">
<![CDATA[  [chromium] › price-flow.spec.ts:95:3 › Price Flow - Sistema de Amortização Price › 6. Deve ter Explain Panel 

    TimeoutError: page.click: Timeout 10000ms exceeded.
    Call log:
      - waiting for locator('[data-testid="price-calculator-link"]')


      13 |   test.beforeEach(async ({ page }) => {
      14 |     await page.goto("/");
    > 15 |     await page.click('[data-testid="price-calculator-link"]');
         |                ^
      16 |     await expect(page).toHaveTitle(/Price/);
      17 |   });
      18 |
        at /home/moses/workspace/fin-math/tests/e2e/price-flow.spec.ts:15:16

    attachment #1: screenshot (image/png) ──────────────────────────────────────────────────────────
    ../../test-results/price-flow-Price-Flow---Si-c78b8-ce-6-Deve-ter-Explain-Panel-chromium/test-failed-1.png
    ────────────────────────────────────────────────────────────────────────────────────────────────

    attachment #2: video (video/webm) ──────────────────────────────────────────────────────────────
    ../../test-results/price-flow-Price-Flow---Si-c78b8-ce-6-Deve-ter-Explain-Panel-chromium/video.webm
    ────────────────────────────────────────────────────────────────────────────────────────────────

    Error Context: ../../test-results/price-flow-Price-Flow---Si-c78b8-ce-6-Deve-ter-Explain-Panel-chromium/error-context.md
]]>
</failure>
<system-out>
<![CDATA[
[[ATTACHMENT|price-flow-Price-Flow---Si-c78b8-ce-6-Deve-ter-Explain-Panel-chromium/test-failed-1.png]]

[[ATTACHMENT|price-flow-Price-Flow---Si-c78b8-ce-6-Deve-ter-Explain-Panel-chromium/video.webm]]

[[ATTACHMENT|price-flow-Price-Flow---Si-c78b8-ce-6-Deve-ter-Explain-Panel-chromium/error-context.md]]
]]>
</system-out>
</testcase>
</testsuite>
<testsuite name="sac-flow.spec.ts" timestamp="2025-10-29T02:41:48.910Z" hostname="chromium" tests="4" failures="4" skipped="0" time="46.322" errors="0">
<testcase name="SAC Flow - Sistema de Amortização Constante › 1. Deve calcular SAC básico corretamente" classname="sac-flow.spec.ts" time="11.649">
<failure message="sac-flow.spec.ts:17:3 1. Deve calcular SAC básico corretamente" type="FAILURE">
<![CDATA[  [chromium] › sac-flow.spec.ts:17:3 › SAC Flow - Sistema de Amortização Constante › 1. Deve calcular SAC básico corretamente 

    TimeoutError: page.click: Timeout 10000ms exceeded.
    Call log:
      - waiting for locator('[data-testid="sac-calculator-link"]')


      11 |   test.beforeEach(async ({ page }) => {
      12 |     await page.goto("/");
    > 13 |     await page.click('[data-testid="sac-calculator-link"]');
         |                ^
      14 |     await expect(page).toHaveTitle(/SAC/);
      15 |   });
      16 |
        at /home/moses/workspace/fin-math/tests/e2e/sac-flow.spec.ts:13:16

    attachment #1: screenshot (image/png) ──────────────────────────────────────────────────────────
    ../../test-results/sac-flow-SAC-Flow---Sistem-feb37-lar-SAC-básico-corretamente-chromium/test-failed-1.png
    ────────────────────────────────────────────────────────────────────────────────────────────────

    attachment #2: video (video/webm) ──────────────────────────────────────────────────────────────
    ../../test-results/sac-flow-SAC-Flow---Sistem-feb37-lar-SAC-básico-corretamente-chromium/video.webm
    ────────────────────────────────────────────────────────────────────────────────────────────────

    Error Context: ../../test-results/sac-flow-SAC-Flow---Sistem-feb37-lar-SAC-básico-corretamente-chromium/error-context.md
]]>
</failure>
<system-out>
<![CDATA[
[[ATTACHMENT|sac-flow-SAC-Flow---Sistem-feb37-lar-SAC-básico-corretamente-chromium/test-failed-1.png]]

[[ATTACHMENT|sac-flow-SAC-Flow---Sistem-feb37-lar-SAC-básico-corretamente-chromium/video.webm]]

[[ATTACHMENT|sac-flow-SAC-Flow---Sistem-feb37-lar-SAC-básico-corretamente-chromium/error-context.md]]
]]>
</system-out>
</testcase>
<testcase name="SAC Flow - Sistema de Amortização Constante › 2. Deve ter amortização constante" classname="sac-flow.spec.ts" time="11.649">
<failure message="sac-flow.spec.ts:39:3 2. Deve ter amortização constante" type="FAILURE">
<![CDATA[  [chromium] › sac-flow.spec.ts:39:3 › SAC Flow - Sistema de Amortização Constante › 2. Deve ter amortização constante 

    TimeoutError: page.click: Timeout 10000ms exceeded.
    Call log:
      - waiting for locator('[data-testid="sac-calculator-link"]')


      11 |   test.beforeEach(async ({ page }) => {
      12 |     await page.goto("/");
    > 13 |     await page.click('[data-testid="sac-calculator-link"]');
         |                ^
      14 |     await expect(page).toHaveTitle(/SAC/);
      15 |   });
      16 |
        at /home/moses/workspace/fin-math/tests/e2e/sac-flow.spec.ts:13:16

    attachment #1: screenshot (image/png) ──────────────────────────────────────────────────────────
    ../../test-results/sac-flow-SAC-Flow---Sistem-8a349-e-ter-amortização-constante-chromium/test-failed-1.png
    ────────────────────────────────────────────────────────────────────────────────────────────────

    attachment #2: video (video/webm) ──────────────────────────────────────────────────────────────
    ../../test-results/sac-flow-SAC-Flow---Sistem-8a349-e-ter-amortização-constante-chromium/video.webm
    ────────────────────────────────────────────────────────────────────────────────────────────────

    Error Context: ../../test-results/sac-flow-SAC-Flow---Sistem-8a349-e-ter-amortização-constante-chromium/error-context.md
]]>
</failure>
<system-out>
<![CDATA[
[[ATTACHMENT|sac-flow-SAC-Flow---Sistem-8a349-e-ter-amortização-constante-chromium/test-failed-1.png]]

[[ATTACHMENT|sac-flow-SAC-Flow---Sistem-8a349-e-ter-amortização-constante-chromium/video.webm]]

[[ATTACHMENT|sac-flow-SAC-Flow---Sistem-8a349-e-ter-amortização-constante-chromium/error-context.md]]
]]>
</system-out>
</testcase>
<testcase name="SAC Flow - Sistema de Amortização Constante › 3. Deve ter parcelas decrescentes" classname="sac-flow.spec.ts" time="11.45">
<failure message="sac-flow.spec.ts:61:3 3. Deve ter parcelas decrescentes" type="FAILURE">
<![CDATA[  [chromium] › sac-flow.spec.ts:61:3 › SAC Flow - Sistema de Amortização Constante › 3. Deve ter parcelas decrescentes 

    TimeoutError: page.click: Timeout 10000ms exceeded.
    Call log:
      - waiting for locator('[data-testid="sac-calculator-link"]')


      11 |   test.beforeEach(async ({ page }) => {
      12 |     await page.goto("/");
    > 13 |     await page.click('[data-testid="sac-calculator-link"]');
         |                ^
      14 |     await expect(page).toHaveTitle(/SAC/);
      15 |   });
      16 |
        at /home/moses/workspace/fin-math/tests/e2e/sac-flow.spec.ts:13:16

    attachment #1: screenshot (image/png) ──────────────────────────────────────────────────────────
    ../../test-results/sac-flow-SAC-Flow---Sistem-b4016-e-ter-parcelas-decrescentes-chromium/test-failed-1.png
    ────────────────────────────────────────────────────────────────────────────────────────────────

    attachment #2: video (video/webm) ──────────────────────────────────────────────────────────────
    ../../test-results/sac-flow-SAC-Flow---Sistem-b4016-e-ter-parcelas-decrescentes-chromium/video.webm
    ────────────────────────────────────────────────────────────────────────────────────────────────

    Error Context: ../../test-results/sac-flow-SAC-Flow---Sistem-b4016-e-ter-parcelas-decrescentes-chromium/error-context.md
]]>
</failure>
<system-out>
<![CDATA[
[[ATTACHMENT|sac-flow-SAC-Flow---Sistem-b4016-e-ter-parcelas-decrescentes-chromium/test-failed-1.png]]

[[ATTACHMENT|sac-flow-SAC-Flow---Sistem-b4016-e-ter-parcelas-decrescentes-chromium/video.webm]]

[[ATTACHMENT|sac-flow-SAC-Flow---Sistem-b4016-e-ter-parcelas-decrescentes-chromium/error-context.md]]
]]>
</system-out>
</testcase>
<testcase name="SAC Flow - Sistema de Amortização Constante › 4. Deve comparar com Price" classname="sac-flow.spec.ts" time="11.574">
<failure message="sac-flow.spec.ts:80:3 4. Deve comparar com Price" type="FAILURE">
<![CDATA[  [chromium] › sac-flow.spec.ts:80:3 › SAC Flow - Sistema de Amortização Constante › 4. Deve comparar com Price 

    TimeoutError: page.click: Timeout 10000ms exceeded.
    Call log:
      - waiting for locator('[data-testid="sac-calculator-link"]')


      11 |   test.beforeEach(async ({ page }) => {
      12 |     await page.goto("/");
    > 13 |     await page.click('[data-testid="sac-calculator-link"]');
         |                ^
      14 |     await expect(page).toHaveTitle(/SAC/);
      15 |   });
      16 |
        at /home/moses/workspace/fin-math/tests/e2e/sac-flow.spec.ts:13:16

    attachment #1: screenshot (image/png) ──────────────────────────────────────────────────────────
    ../../test-results/sac-flow-SAC-Flow---Sistem-03b0f-e-4-Deve-comparar-com-Price-chromium/test-failed-1.png
    ────────────────────────────────────────────────────────────────────────────────────────────────

    attachment #2: video (video/webm) ──────────────────────────────────────────────────────────────
    ../../test-results/sac-flow-SAC-Flow---Sistem-03b0f-e-4-Deve-comparar-com-Price-chromium/video.webm
    ────────────────────────────────────────────────────────────────────────────────────────────────

    Error Context: ../../test-results/sac-flow-SAC-Flow---Sistem-03b0f-e-4-Deve-comparar-com-Price-chromium/error-context.md
]]>
</failure>
<system-out>
<![CDATA[
[[ATTACHMENT|sac-flow-SAC-Flow---Sistem-03b0f-e-4-Deve-comparar-com-Price-chromium/test-failed-1.png]]

[[ATTACHMENT|sac-flow-SAC-Flow---Sistem-03b0f-e-4-Deve-comparar-com-Price-chromium/video.webm]]

[[ATTACHMENT|sac-flow-SAC-Flow---Sistem-03b0f-e-4-Deve-comparar-com-Price-chromium/error-context.md]]
]]>
</system-out>
</testcase>
</testsuite>
<testsuite name="validator-flow.spec.ts" timestamp="2025-10-29T02:41:48.910Z" hostname="chromium" tests="2" failures="2" skipped="0" time="22.061" errors="0">
<testcase name="Validator Flow - Validação de Cronogramas › 1. Deve fazer upload de CSV" classname="validator-flow.spec.ts" time="11.615">
<failure message="validator-flow.spec.ts:11:3 1. Deve fazer upload de CSV" type="FAILURE">
<![CDATA[  [chromium] › validator-flow.spec.ts:11:3 › Validator Flow - Validação de Cronogramas › 1. Deve fazer upload de CSV 

    TimeoutError: page.click: Timeout 10000ms exceeded.
    Call log:
      - waiting for locator('[data-testid="validator-link"]')


       5 |   test.beforeEach(async ({ page }) => {
       6 |     await page.goto("/");
    >  7 |     await page.click('[data-testid="validator-link"]');
         |                ^
       8 |     await expect(page).toHaveTitle(/Validador/);
       9 |   });
      10 |
        at /home/moses/workspace/fin-math/tests/e2e/validator-flow.spec.ts:7:16

    attachment #1: screenshot (image/png) ──────────────────────────────────────────────────────────
    ../../test-results/validator-flow-Validator-F-05520--1-Deve-fazer-upload-de-CSV-chromium/test-failed-1.png
    ────────────────────────────────────────────────────────────────────────────────────────────────

    attachment #2: video (video/webm) ──────────────────────────────────────────────────────────────
    ../../test-results/validator-flow-Validator-F-05520--1-Deve-fazer-upload-de-CSV-chromium/video.webm
    ────────────────────────────────────────────────────────────────────────────────────────────────

    Error Context: ../../test-results/validator-flow-Validator-F-05520--1-Deve-fazer-upload-de-CSV-chromium/error-context.md
]]>
</failure>
<system-out>
<![CDATA[
[[ATTACHMENT|validator-flow-Validator-F-05520--1-Deve-fazer-upload-de-CSV-chromium/test-failed-1.png]]

[[ATTACHMENT|validator-flow-Validator-F-05520--1-Deve-fazer-upload-de-CSV-chromium/video.webm]]

[[ATTACHMENT|validator-flow-Validator-F-05520--1-Deve-fazer-upload-de-CSV-chromium/error-context.md]]
]]>
</system-out>
</testcase>
<testcase name="Validator Flow - Validação de Cronogramas › 2. Deve validar cronograma correto" classname="validator-flow.spec.ts" time="10.446">
<failure message="validator-flow.spec.ts:21:3 2. Deve validar cronograma correto" type="FAILURE">
<![CDATA[  [chromium] › validator-flow.spec.ts:21:3 › Validator Flow - Validação de Cronogramas › 2. Deve validar cronograma correto 

    TimeoutError: page.click: Timeout 10000ms exceeded.
    Call log:
      - waiting for locator('[data-testid="validator-link"]')


       5 |   test.beforeEach(async ({ page }) => {
       6 |     await page.goto("/");
    >  7 |     await page.click('[data-testid="validator-link"]');
         |                ^
       8 |     await expect(page).toHaveTitle(/Validador/);
       9 |   });
      10 |
        at /home/moses/workspace/fin-math/tests/e2e/validator-flow.spec.ts:7:16

    attachment #1: screenshot (image/png) ──────────────────────────────────────────────────────────
    ../../test-results/validator-flow-Validator-F-bcdac--validar-cronograma-correto-chromium/test-failed-1.png
    ────────────────────────────────────────────────────────────────────────────────────────────────

    attachment #2: video (video/webm) ──────────────────────────────────────────────────────────────
    ../../test-results/validator-flow-Validator-F-bcdac--validar-cronograma-correto-chromium/video.webm
    ────────────────────────────────────────────────────────────────────────────────────────────────

    Error Context: ../../test-results/validator-flow-Validator-F-bcdac--validar-cronograma-correto-chromium/error-context.md
]]>
</failure>
<system-out>
<![CDATA[
[[ATTACHMENT|validator-flow-Validator-F-bcdac--validar-cronograma-correto-chromium/test-failed-1.png]]

[[ATTACHMENT|validator-flow-Validator-F-bcdac--validar-cronograma-correto-chromium/video.webm]]

[[ATTACHMENT|validator-flow-Validator-F-bcdac--validar-cronograma-correto-chromium/error-context.md]]
]]>
</system-out>
</testcase>
</testsuite>
</testsuites>